<?xml version="1.0" encoding="UTF-8"?>
<testsuite xmlns:xsi="http://www.w3.org/2001/XMLSchema-instance" xsi:noNamespaceSchemaLocation="https://maven.apache.org/surefire/maven-surefire-plugin/xsd/surefire-test-report.xsd" name="com.cornevisser.assignment1_2.StorageRepositoryTest" time="0.028" tests="4" errors="0" skipped="0" failures="0">
  <properties>
[...]
</properties>
  <testcase name="doesScoreExist_not_found" classname="com.cornevisser.assignment1_2.StorageRepositoryTest" time="0.002"/>
  <testcase name="doesScoreExist_found" classname="com.cornevisser.assignment1_2.StorageRepositoryTest" time="0.002"/>
  <testcase name="save_does_not_save_when_data_already_present" classname="com.cornevisser.assignment1_2.StorageRepositoryTest" time="0.002"/>
  <testcase name="save_does_save" classname="com.cornevisser.assignment1_2.StorageRepositoryTest" time="0.002"/>
</testsuite>